<?xml version="1.0" encoding="UTF-8"?>
<!-- Generated by org.testng.reporters.JUnitReportReporter -->
<testsuite hostname="DESKTOP-E9FHF7I" failures="0" tests="6" name="com.qc.test.ResgisterTest" time="5.722" errors="0" timestamp="2024-01-09T10:22:04 IST" skipped="0">
  <testcase classname="com.qc.test.ResgisterTest" name="doRegister" time="1.151"/>
  <testcase classname="com.qc.test.ResgisterTest" name="doRegister" time="0.859"/>
  <testcase classname="com.qc.test.ResgisterTest" name="doRegister" time="0.981"/>
  <testcase classname="com.qc.test.ResgisterTest" name="doRegister" time="1.003"/>
  <testcase classname="com.qc.test.ResgisterTest" name="doRegister" time="0.863"/>
  <testcase classname="com.qc.test.ResgisterTest" name="doRegister" time="0.865"/>
</testsuite> <!-- com.qc.test.ResgisterTest -->
