<?xml version="1.0" encoding="UTF-8"?>
<!-- Generated by org.testng.reporters.JUnitReportReporter -->
<testsuite hostname="DESKTOP-E9FHF7I" failures="0" tests="7" name="com.qc.test.LoginTest" time="18.283" errors="0" timestamp="2024-01-09T10:22:04 IST" skipped="0">
  <testcase classname="com.qc.test.LoginTest" name="doLogin" time="2.481"/>
  <testcase classname="com.qc.test.LoginTest" name="doLogin" time="2.565"/>
  <testcase classname="com.qc.test.LoginTest" name="doLogin" time="2.947"/>
  <testcase classname="com.qc.test.LoginTest" name="doLogin" time="2.520"/>
  <testcase classname="com.qc.test.LoginTest" name="doLogin" time="2.542"/>
  <testcase classname="com.qc.test.LoginTest" name="doLogin" time="2.548"/>
  <testcase classname="com.qc.test.LoginTest" name="doLogin" time="2.680"/>
</testsuite> <!-- com.qc.test.LoginTest -->
